ASAN_OPTIONS=detect_leaks=1:halt_on_error=1 \
	LSAN_OPTIONS=verbosity=1:report_objects=1 \
	UBSAN_OPTIONS=print_stacktrace=1:halt_on_error=1 \
	bin/debug/xf -r tests/torture.xf
PASS  lit/int
PASS  lit/float
PASS  lit/str/dq
PASS  lit/str/sq
PASS  lit/str/esc
PASS  lit/TRUE
PASS  lit/FALSE
PASS  lit/hex
PASS  arith/add
PASS  arith/sub
PASS  arith/mul
PASS  arith/div
PASS  arith/mod
PASS  arith/pow
PASS  arith/neg
PASS  arith/prec
PASS  arith/parens
PASS  arith/unary
PASS  concat/basic
PASS  concat/num
PASS  concat/chain
PASS  concat/empty
PASS  cmp/eq_num
PASS  cmp/eq_str
PASS  cmp/neq
PASS  cmp/lt
PASS  cmp/gt
PASS  cmp/lte_eq
PASS  cmp/gte_eq
PASS  cmp/ship_lt
PASS  cmp/ship_eq
PASS  cmp/ship_gt
PASS  cmp/arr_true
PASS  cmp/arr_false
PASS  cmp/ship_cross
PASS  logic/and_tt
PASS  logic/and_tf
PASS  logic/or_ff
PASS  logic/or_tf
PASS  logic/not_t
PASS  logic/not_f
PASS  logic/short_and
PASS  logic/short_or
PASS  coalesce/nav
PASS  coalesce/ok
PASS  var/assign
PASS  var/plus_eq
PASS  var/minus_eq
PASS  var/star_eq
PASS  var/slash_eq
PASS  var/pct_eq
PASS  var/inc
PASS  var/dec
PASS  var/str
PASS  walrus/val
PASS  walrus/expr
PASS  ternary/true
PASS  ternary/false
PASS  ternary/nested
PASS  if/elif_else
PASS  if/braces
PASS  while/sum
PASS  while/break
PASS  for/arr_sum
PASS  for/map_sum
PASS  for/next
PASS  fn/basic
PASS  fn/fib
PASS  fn/str_return
PASS  fn/multi_return/pos
PASS  fn/multi_return/neg
PASS  fn/multi_return/zero
PASS  fn/higher_order
PASS  fn/captures_outer
PASS  arr/index
PASS  arr/index_last
PASS  arr/len
PASS  arr/push_len
PASS  arr/push_val
PASS  arr/pop_val
PASS  arr/pop_len
PASS  arr/shift_val
PASS  arr/shift_len
PASS  arr/unshift_val
PASS  arr/unshift_len
PASS  arr/nested
PASS  arr/empty_len
PASS  map/get
PASS  map/get2
PASS  map/set_new
PASS  map/overwrite
PASS  map/len
PASS  map/has_t
PASS  map/has_f
PASS  map/remove_len
PASS  map/remove_gone
PASS  map/strkey_1
PASS  map/strkey_2
PASS  map/keys_len
PASS  set/has_t
PASS  set/has_f
PASS  set/len
PASS  tuple/idx0
PASS  tuple/idx1
PASS  tuple/len
PASS  str/upper
PASS  str/lower
PASS  str/trim
PASS  str/substr
PASS  str/index
PASS  str/len
PASS  str/sprintf
PASS  str/repeat
PASS  str/reverse
PASS  str/replace
PASS  str/replace_all
PASS  str/starts_t
PASS  str/starts_f
PASS  str/ends_t
PASS  str/ends_f
PASS  str/cont_t
PASS  str/cont_f
PASS  math/abs_neg
PASS  math/abs_pos
PASS  math/sqrt
PASS  math/int
PASS  math/floor
PASS  math/ceil
PASS  math/round
PASS  math/pow
PASS  math/min
PASS  math/max
PASS  math/clamp_lo
PASS  math/clamp_hi
PASS  math/clamp_mid
PASS  split/count
PASS  split/first
PASS  split/last
PASS  join/basic
PASS  join/empty_sep
PASS  regex/match_t
PASS  regex/match_f
PASS  regex/nmatch_t
PASS  regex/match_val
PASS  regex/test_t
PASS  regex/test_f
PASS  regex/replace
PASS  regex/replace_all
[one, two, three]
one
two
three
3
one
two
three
PASS  regex/split_n
PASS  regex/split_0
PASS  regex/icase_t
PASS  regex/icase_f
PASS  regex/icase_repl
PASS  pipe/basic
PASS  pipe/inc
PASS  pipe/str
PASS  pipe/chain
PASS  state/ok
PASS  state/nav
PASS  type/num
PASS  type/str
PASS  type/arr
PASS  type/map
PASS  nav/propagates
PASS  nav/coalesce
PASS  null/state
PASS  null/eq
PASS  null/neq
PASS  void/state
PASS  fmt/fixed
PASS  fmt/comma
PASS  fmt/hex
PASS  fmt/bin
PASS  fmt/percent
PASS  fmt/pad_left
PASS  fmt/pad_right
PASS  fmt/sci
PASS  fmt/json_k
PASS  fmt/from_json_num
PASS  fmt/from_json_str
PASS  hof/apply_twice_add1
PASS  hof/apply_twice_dbl
PASS  tree/root
PASS  tree/left
PASS  tree/right
PASS  gen/length_arr
PASS  gen/length_str
PASS  gen/cont_arr_t
PASS  gen/cont_arr_f
PASS  gen/cont_str_t
PASS  gen/strip
PASS  ds/row0_name
PASS  ds/row0_score
PASS  ds/column_len
PASS  ds/sort_asc
PASS  ds/sort_desc
PASS  ds/filter
PASS  ds/agg_eng
PASS  ds/agg_hr
PASS  assign/len
PASS  assign/tag
PASS  assign/name
PASS  flatten/len
PASS  flatten/name
PASS  flatten/tag
PASS  process/chunks
[[{"name": alice, "score": 90, "dept": eng, "_tag": tested, "_parallel": true}, {"name": bob, "score": 70, "dept": eng, "_tag": tested, "_parallel": true}], [{"name": carol, "score": 85, "dept": hr, "_tag": tested, "_parallel": true}, {"name": dave, "score": 95, "dept": hr, "_tag": tested, "_parallel": true}], [{"name": eve, "score": 60, "dept": eng, "_tag": tested, "_parallel": true}]]
[{"name": alice, "score": 90, "dept": eng, "_tag": tested, "_parallel": true}, {"name": bob, "score": 70, "dept": eng, "_tag": tested, "_parallel": true}, {"name": carol, "score": 85, "dept": hr, "_tag": tested, "_parallel": true}, {"name": dave, "score": 95, "dept": hr, "_tag": tested, "_parallel": true}, {"name": eve, "score": 60, "dept": eng, "_tag": tested, "_parallel": true}]
PASS  process/run_len
PASS  process/run_tag
PASS  nested_mut/deep
PASS  nested_mut/new_key
PASS  delete/arr_len
PASS  delete/arr_val
PASS  delete/map_len
PASS  delete/map_gone
PASS  chain/len
PASS  chain/type
PASS  chain/state
PASS  chain/str_len
PASS  anon_fn/0
PASS  anon_fn/3
PASS  walrus/cond
PASS  json/has_nested
PASS  json/nested_x
PASS  stress/10k_sum
PASS  stress/fact_10
PASS  stress/depth_20
PASS  stress/str_len
PASS  stress/map_len
PASS  stress/map_key0
PASS  stress/map_key99
PASS  multi_assign/1
PASS  multi_assign/2
PASS  multi_assign/3

══════════════════════════════════════
  PASS: 233
  FAIL: 0
══════════════════════════════════════
RESULT: ALL PASSED
