ASAN_OPTIONS=detect_leaks=1:halt_on_error=1 \
	LSAN_OPTIONS=verbosity=1:report_objects=1 \
UBSAN_OPTIONS=print_stacktrace=1:halt_on_error=1 \
		./bin/xf -r tests/torture.xf
xf_arr_release a=0x603000014230 old_rc=2 new_rc=1 len=0
xf_arr_release a=0x603000014230 old_rc=1 new_rc=0 len=0
FREE ARRAY a=0x603000014230 len=0
xf_arr_release a=0x6030000142c0 old_rc=2 new_rc=1 len=0
xf_arr_release a=0x6030000142c0 old_rc=1 new_rc=0 len=0
FREE ARRAY a=0x6030000142c0 len=0
xf_arr_release a=0x603000014350 old_rc=2 new_rc=1 len=0
xf_arr_release a=0x603000014350 old_rc=1 new_rc=0 len=0
FREE ARRAY a=0x603000014350 len=0
xf_arr_release a=0x603000014380 old_rc=2 new_rc=1 len=4
xf_arr_release a=0x603000014380 old_rc=2 new_rc=1 len=4
xf_arr_release a=0x603000014380 old_rc=2 new_rc=1 len=4
xf_arr_release a=0x603000014470 old_rc=2 new_rc=1 len=5
xf_arr_release a=0x603000014470 old_rc=1 new_rc=0 len=5
FREE ARRAY a=0x603000014470 len=5
  arr=0x603000014470 releasing item[0]
  arr=0x603000014470 releasing item[1]
  arr=0x603000014470 releasing item[2]
  arr=0x603000014470 releasing item[3]
  arr=0x603000014470 releasing item[4]
xf_arr_release a=0x6030000145f0 old_rc=2 new_rc=1 len=3
xf_arr_release a=0x6030000145f0 old_rc=3 new_rc=2 len=3
xf_arr_release a=0x6030000145f0 old_rc=2 new_rc=1 len=3
xf_arr_release a=0x6030000145f0 old_rc=2 new_rc=1 len=3
xf_arr_release a=0x6030000145f0 old_rc=5 new_rc=4 len=4
xf_arr_release a=0x6030000145f0 old_rc=5 new_rc=4 len=4
xf_arr_release a=0x6030000145f0 old_rc=5 new_rc=4 len=4
xf_arr_release a=0x6030000145f0 old_rc=5 new_rc=4 len=3
xf_arr_release a=0x6030000145f0 old_rc=6 new_rc=5 len=2
xf_arr_release a=0x6030000145f0 old_rc=9 new_rc=8 len=3
xf_arr_release a=0x6030000145f0 old_rc=9 new_rc=8 len=3
xf_arr_release a=0x6030000145f0 old_rc=8 new_rc=7 len=3
xf_arr_release a=0x603000014650 old_rc=2 new_rc=1 len=2
xf_arr_release a=0x603000014680 old_rc=2 new_rc=1 len=2
xf_arr_release a=0x603000014620 old_rc=2 new_rc=1 len=2
xf_arr_release a=0x603000014620 old_rc=3 new_rc=2 len=2
xf_arr_release a=0x603000014680 old_rc=2 new_rc=1 len=2
xf_arr_release a=0x603000014620 old_rc=2 new_rc=1 len=2
xf_arr_release a=0x6030000146b0 old_rc=2 new_rc=1 len=0
xf_arr_release a=0x6030000146b0 old_rc=3 new_rc=2 len=0
xf_arr_release a=0x6030000146e0 old_rc=2 new_rc=1 len=2
xf_arr_release a=0x6030000146e0 old_rc=4 new_rc=3 len=2
xf_arr_release a=0x6030000148f0 old_rc=2 new_rc=1 len=3
xf_arr_release a=0x6030000148f0 old_rc=4 new_rc=3 len=3
xf_arr_release a=0x6030000148f0 old_rc=4 new_rc=3 len=3
xf_arr_release a=0x6030000148f0 old_rc=4 new_rc=3 len=3
xf_arr_release a=0x6030000148f0 old_rc=4 new_rc=3 len=3
xf_arr_release a=0x6030000149e0 old_rc=2 new_rc=1 len=3
xf_arr_release a=0x6030000149e0 old_rc=1 new_rc=0 len=3
FREE ARRAY a=0x6030000149e0 len=3
  arr=0x6030000149e0 releasing item[0]
  arr=0x6030000149e0 releasing item[1]
  arr=0x6030000149e0 releasing item[2]
xf_arr_release a=0x603000014bf0 old_rc=2 new_rc=1 len=0
xf_arr_release a=0x603000014bf0 old_rc=2 new_rc=1 len=0
xf_arr_release a=0x603000014bf0 old_rc=2 new_rc=1 len=0
xf_arr_release a=0x603000014bf0 old_rc=2 new_rc=1 len=0
xf_arr_release a=0x603000015130 old_rc=3 new_rc=2 len=1
xf_arr_release a=0x603000014bf0 old_rc=2 new_rc=1 len=0
xf_arr_release a=0x603000014bf0 old_rc=2 new_rc=1 len=0
xf_arr_release a=0x603000014bf0 old_rc=2 new_rc=1 len=0
xf_arr_release a=0x603000014bf0 old_rc=2 new_rc=1 len=0
xf_arr_release a=0x603000014bf0 old_rc=2 new_rc=1 len=0
xf_arr_release a=0x6030000158b0 old_rc=2 new_rc=1 len=3
[one, two, three]
xf_arr_release a=0x6030000158b0 old_rc=4 new_rc=3 len=3
xf_arr_release a=0x6030000158b0 old_rc=3 new_rc=2 len=3
xf_arr_release a=0x6030000158b0 old_rc=3 new_rc=2 len=3
one
xf_arr_release a=0x6030000158b0 old_rc=3 new_rc=2 len=3
two
xf_arr_release a=0x6030000158b0 old_rc=3 new_rc=2 len=3
three
3
one
two
three
xf_arr_release a=0x6030000158b0 old_rc=4 new_rc=3 len=3
xf_arr_release a=0x603000014bf0 old_rc=2 new_rc=1 len=0
xf_arr_release a=0x6030000158b0 old_rc=5 new_rc=4 len=3
xf_arr_release a=0x603000014bf0 old_rc=2 new_rc=1 len=0
xf_arr_release a=0x603000014bf0 old_rc=1 new_rc=0 len=0
FREE ARRAY a=0x603000014bf0 len=0
xf_arr_release a=0x603000015af0 old_rc=2 new_rc=1 len=0
xf_arr_release a=0x603000015af0 old_rc=2 new_rc=1 len=0
xf_arr_release a=0x603000015af0 old_rc=2 new_rc=1 len=0
xf_arr_release a=0x603000015af0 old_rc=2 new_rc=1 len=0
xf_arr_release a=0x603000015af0 old_rc=2 new_rc=1 len=0
xf_arr_release a=0x603000015af0 old_rc=2 new_rc=1 len=0
xf_arr_release a=0x603000015af0 old_rc=2 new_rc=1 len=0
xf_arr_release a=0x603000015af0 old_rc=2 new_rc=1 len=0
xf_arr_release a=0x603000015af0 old_rc=2 new_rc=1 len=0
xf_arr_release a=0x603000015af0 old_rc=2 new_rc=1 len=0
xf_arr_release a=0x603000015af0 old_rc=2 new_rc=1 len=0
xf_arr_release a=0x603000015af0 old_rc=2 new_rc=1 len=0
xf_arr_release a=0x603000015f10 old_rc=2 new_rc=1 len=3
xf_arr_release a=0x603000015f10 old_rc=3 new_rc=2 len=3
xf_arr_release a=0x603000015f40 old_rc=2 new_rc=1 len=5
xf_arr_release a=0x603000015f10 old_rc=2 new_rc=1 len=3
xf_arr_release a=0x603000015af0 old_rc=2 new_rc=1 len=0
xf_arr_release a=0x603000015f40 old_rc=3 new_rc=2 len=5
xf_arr_release a=0x603000015f40 old_rc=3 new_rc=2 len=5
xf_arr_release a=0x603000015af0 old_rc=2 new_rc=1 len=0
xf_arr_release a=0x603000015f40 old_rc=3 new_rc=2 len=5
xf_arr_release a=0x603000015af0 old_rc=2 new_rc=1 len=0
xf_arr_release a=0x603000015f40 old_rc=3 new_rc=2 len=5
xf_arr_release a=0x603000015af0 old_rc=2 new_rc=1 len=0
xf_arr_release a=0x603000015af0 old_rc=2 new_rc=1 len=0
xf_arr_release a=0x603000015af0 old_rc=2 new_rc=1 len=0
xf_arr_release a=0x603000015af0 old_rc=2 new_rc=1 len=0
xf_arr_release a=0x603000015af0 old_rc=2 new_rc=1 len=0
xf_arr_release a=0x603000016030 old_rc=2 new_rc=1 len=0
xf_arr_release a=0x603000015af0 old_rc=2 new_rc=1 len=0
xf_arr_release a=0x603000015af0 old_rc=2 new_rc=1 len=0
xf_arr_release a=0x603000015af0 old_rc=2 new_rc=1 len=0
xf_arr_release a=0x603000015af0 old_rc=2 new_rc=1 len=0
xf_arr_release a=0x603000015af0 old_rc=2 new_rc=1 len=0
xf_arr_release a=0x603000015af0 old_rc=2 new_rc=1 len=0
xf_arr_release a=0x603000015af0 old_rc=2 new_rc=1 len=0
xf_arr_release a=0x603000015af0 old_rc=2 new_rc=1 len=0
xf_arr_release a=0x603000015af0 old_rc=2 new_rc=1 len=0
xf_arr_release a=0x603000015af0 old_rc=2 new_rc=1 len=0
xf_arr_release a=0x603000015af0 old_rc=2 new_rc=1 len=0
xf_arr_release a=0x603000015af0 old_rc=2 new_rc=1 len=0
xf_arr_release a=0x603000015af0 old_rc=2 new_rc=1 len=0
xf_arr_release a=0x603000015af0 old_rc=2 new_rc=1 len=0
xf_arr_release a=0x603000015af0 old_rc=2 new_rc=1 len=0
xf_arr_release a=0x603000015af0 old_rc=2 new_rc=1 len=0
xf_arr_release a=0x603000015af0 old_rc=2 new_rc=1 len=0
xf_arr_release a=0x603000015af0 old_rc=2 new_rc=1 len=0
xf_arr_release a=0x603000015af0 old_rc=2 new_rc=1 len=0
xf_arr_release a=0x603000015af0 old_rc=3 new_rc=2 len=0
xf_arr_release a=0x603000015af0 old_rc=3 new_rc=2 len=0
xf_arr_release a=0x603000015af0 old_rc=2 new_rc=1 len=0
xf_arr_release a=0x603000015af0 old_rc=2 new_rc=1 len=0
xf_arr_release a=0x603000015af0 old_rc=3 new_rc=2 len=0
xf_arr_release a=0x603000015af0 old_rc=3 new_rc=2 len=0
xf_arr_release a=0x603000015af0 old_rc=2 new_rc=1 len=0
xf_arr_release a=0x603000015af0 old_rc=2 new_rc=1 len=0
xf_arr_release a=0x603000015af0 old_rc=2 new_rc=1 len=0
xf_arr_release a=0x603000015af0 old_rc=2 new_rc=1 len=0
xf_arr_release a=0x603000015af0 old_rc=2 new_rc=1 len=0
xf_arr_release a=0x603000016360 old_rc=2 new_rc=1 len=5
xf_arr_release a=0x603000016360 old_rc=1 new_rc=0 len=5
FREE ARRAY a=0x603000016360 len=5
  arr=0x603000016360 releasing item[0]
  arr=0x603000016360 releasing item[1]
  arr=0x603000016360 releasing item[2]
  arr=0x603000016360 releasing item[3]
  arr=0x603000016360 releasing item[4]
xf_arr_release a=0x603000015af0 old_rc=2 new_rc=1 len=0
xf_arr_release a=0x603000015af0 old_rc=2 new_rc=1 len=0
xf_arr_release a=0x603000016390 old_rc=2 new_rc=1 len=3
xf_arr_release a=0x603000016390 old_rc=1 new_rc=0 len=3
FREE ARRAY a=0x603000016390 len=3
  arr=0x603000016390 releasing item[0]
  arr=0x603000016390 releasing item[1]
  arr=0x603000016390 releasing item[2]
xf_arr_release a=0x603000015af0 old_rc=2 new_rc=1 len=0
xf_arr_release a=0x603000016450 old_rc=2 new_rc=1 len=3
xf_arr_release a=0x603000016450 old_rc=1 new_rc=0 len=3
FREE ARRAY a=0x603000016450 len=3
  arr=0x603000016450 releasing item[0]
  arr=0x603000016450 releasing item[1]
  arr=0x603000016450 releasing item[2]
xf_arr_release a=0x603000015af0 old_rc=2 new_rc=1 len=0
xf_arr_release a=0x603000015af0 old_rc=2 new_rc=1 len=0
xf_arr_release a=0x603000016540 old_rc=2 new_rc=1 len=5
xf_arr_release a=0x603000016570 old_rc=2 new_rc=1 len=3
xf_arr_release a=0x603000016540 old_rc=1 new_rc=0 len=5
FREE ARRAY a=0x603000016540 len=5
  arr=0x603000016540 releasing item[0]
  arr=0x603000016540 releasing item[1]
  arr=0x603000016540 releasing item[2]
  arr=0x603000016540 releasing item[3]
  arr=0x603000016540 releasing item[4]
xf_arr_release a=0x603000015af0 old_rc=2 new_rc=1 len=0
xf_arr_release a=0x603000016570 old_rc=4 new_rc=3 len=3
xf_arr_release a=0x6030000165a0 old_rc=2 new_rc=1 len=5
xf_arr_release a=0x6030000165a0 old_rc=3 new_rc=2 len=5
xf_arr_release a=0x6030000165a0 old_rc=2 new_rc=1 len=5
xf_arr_release a=0x603000015af0 old_rc=2 new_rc=1 len=0
xf_arr_release a=0x603000015af0 old_rc=2 new_rc=1 len=0
xf_arr_release a=0x6030000165d0 old_rc=2 new_rc=1 len=5
xf_arr_release a=0x6030000165a0 old_rc=2 new_rc=1 len=5
xf_arr_release a=0x603000015af0 old_rc=2 new_rc=1 len=0
xf_arr_release a=0x6030000165d0 old_rc=4 new_rc=3 len=5
xf_arr_release a=0x6030000166f0 old_rc=2 new_rc=1 len=5
xf_arr_release a=0x6030000165a0 old_rc=2 new_rc=1 len=5
xf_arr_release a=0x6030000166f0 old_rc=4 new_rc=3 len=5
xf_arr_release a=0x603000015af0 old_rc=2 new_rc=1 len=0
xf_arr_release a=0x6030000166f0 old_rc=3 new_rc=2 len=5
xf_arr_release a=0x603000016ba0 old_rc=2 new_rc=1 len=5
xf_arr_release a=0x6030000165a0 old_rc=2 new_rc=1 len=5
xf_arr_release a=0x603000016ba0 old_rc=4 new_rc=3 len=5
xf_arr_release a=0x603000015af0 old_rc=2 new_rc=1 len=0
xf_arr_release a=0x603000016ba0 old_rc=3 new_rc=2 len=5
xf_arr_release a=0x603000015af0 old_rc=2 new_rc=1 len=0
xf_arr_release a=0x603000015af0 old_rc=2 new_rc=1 len=0
xf_arr_release a=0x603000015af0 old_rc=2 new_rc=1 len=0
xf_arr_release a=0x603000015af0 old_rc=2 new_rc=1 len=0
xf_arr_release a=0x603000015af0 old_rc=2 new_rc=1 len=0
xf_arr_release a=0x603000017020 old_rc=2 new_rc=1 len=3
xf_arr_release a=0x6030000165a0 old_rc=2 new_rc=1 len=5
xf_arr_release a=0x603000015af0 old_rc=2 new_rc=1 len=0
xf_arr_release a=0x603000017020 old_rc=4 new_rc=3 len=3
xf_arr_release a=0x603000017080 old_rc=3 new_rc=2 len=0
xf_arr_release a=0x603000017080 old_rc=3 new_rc=2 len=1
xf_arr_release a=0x603000017080 old_rc=3 new_rc=2 len=2
xf_arr_release a=0x603000017170 old_rc=3 new_rc=2 len=0
xf_arr_release a=0x603000017170 old_rc=3 new_rc=2 len=1
xf_arr_release a=0x603000017170 old_rc=3 new_rc=2 len=2
xf_arr_release a=0x603000017080 old_rc=3 new_rc=2 len=3
xf_arr_release a=0x6030000165a0 old_rc=2 new_rc=1 len=5
xf_arr_release a=0x603000015af0 old_rc=2 new_rc=1 len=0
xf_arr_release a=0x603000015af0 old_rc=2 new_rc=1 len=0
xf_arr_release a=0x603000015af0 old_rc=2 new_rc=1 len=0
xf_arr_release a=0x603000015af0 old_rc=2 new_rc=1 len=0
xf_arr_release a=0x603000015af0 old_rc=2 new_rc=1 len=0
xf_arr_release a=0x603000015af0 old_rc=2 new_rc=1 len=0
xf_arr_release a=0x603000015af0 old_rc=2 new_rc=1 len=0
xf_arr_release a=0x6030000172c0 old_rc=2 new_rc=1 len=5
xf_arr_release a=0x6030000165a0 old_rc=2 new_rc=1 len=5
xf_arr_release a=0x603000015af0 old_rc=2 new_rc=1 len=0
xf_arr_release a=0x6030000172c0 old_rc=4 new_rc=3 len=5
xf_arr_release a=0x6030000172c0 old_rc=4 new_rc=3 len=5
xf_arr_release a=0x603000015af0 old_rc=2 new_rc=1 len=0
xf_arr_release a=0x603000015af0 old_rc=2 new_rc=1 len=0
xf_arr_release a=0x6030000172f0 old_rc=2 new_rc=1 len=5
xf_arr_release a=0x6030000172c0 old_rc=4 new_rc=3 len=5
xf_arr_release a=0x603000015af0 old_rc=2 new_rc=1 len=0
xf_arr_release a=0x6030000172f0 old_rc=4 new_rc=3 len=5
xf_arr_release a=0x6030000172f0 old_rc=4 new_rc=3 len=5
xf_arr_release a=0x603000015af0 old_rc=2 new_rc=1 len=0
xf_arr_release a=0x603000015af0 old_rc=2 new_rc=1 len=0
xf_arr_release a=0x603000017350 old_rc=2 new_rc=1 len=2
xf_arr_release a=0x603000017380 old_rc=2 new_rc=1 len=2
xf_arr_release a=0x6030000173b0 old_rc=2 new_rc=1 len=1
xf_arr_release a=0x603000017320 old_rc=2 new_rc=1 len=3
xf_arr_release a=0x6030000165a0 old_rc=2 new_rc=1 len=5
xf_arr_release a=0x603000015af0 old_rc=2 new_rc=1 len=0
xf_arr_release a=0x603000017320 old_rc=4 new_rc=3 len=3
xf_arr_release a=0x603000017410 old_rc=2 new_rc=1 len=0
xf_arr_release a=0x603000017350 old_rc=4 new_rc=3 len=2
xf_arr_release a=0x603000017410 old_rc=5 new_rc=4 len=1
xf_arr_release a=0x603000017350 old_rc=3 new_rc=2 len=2
xf_arr_release a=0x603000017380 old_rc=4 new_rc=3 len=2
xf_arr_release a=0x603000017410 old_rc=7 new_rc=6 len=2
xf_arr_release a=0x603000017380 old_rc=3 new_rc=2 len=2
xf_arr_release a=0x6030000173b0 old_rc=4 new_rc=3 len=1
xf_arr_release a=0x603000017410 old_rc=9 new_rc=8 len=3
xf_arr_release a=0x6030000173b0 old_rc=3 new_rc=2 len=1
xf_arr_release a=0x603000017320 old_rc=4 new_rc=3 len=3
xf_arr_release a=0x603000017410 old_rc=8 new_rc=7 len=3
xf_arr_release a=0x603000015af0 old_rc=3 new_rc=2 len=0
xf_arr_release a=0x603000015af0 old_rc=3 new_rc=2 len=0
xf_arr_release a=0x603000017620 old_rc=2 new_rc=1 len=2
xf_arr_release a=0x603000017350 old_rc=7 new_rc=6 len=2
xf_arr_release a=0x603000017350 old_rc=6 new_rc=5 len=2
xf_arr_release a=0x603000015af0 old_rc=2 new_rc=1 len=0
xf_arr_release a=0x603000017350 old_rc=5 new_rc=4 len=2
xf_arr_release a=0x603000015af0 old_rc=3 new_rc=2 len=0
xf_arr_release a=0x603000015af0 old_rc=3 new_rc=2 len=0
xf_arr_release a=0x603000017680 old_rc=2 new_rc=1 len=2
xf_arr_release a=0x603000017380 old_rc=7 new_rc=6 len=2
xf_arr_release a=0x603000017380 old_rc=6 new_rc=5 len=2
xf_arr_release a=0x603000015af0 old_rc=2 new_rc=1 len=0
xf_arr_release a=0x603000017380 old_rc=5 new_rc=4 len=2
xf_arr_release a=0x603000015af0 old_rc=3 new_rc=2 len=0
xf_arr_release a=0x6030000176e0 old_rc=2 new_rc=1 len=1
xf_arr_release a=0x6030000173b0 old_rc=7 new_rc=6 len=1
xf_arr_release a=0x6030000173b0 old_rc=6 new_rc=5 len=1
xf_arr_release a=0x603000015af0 old_rc=2 new_rc=1 len=0
xf_arr_release a=0x6030000173b0 old_rc=5 new_rc=4 len=1
xf_arr_release a=0x603000017350 old_rc=4 new_rc=3 len=2
xf_arr_release a=0x603000017380 old_rc=4 new_rc=3 len=2
xf_arr_release a=0x6030000173b0 old_rc=4 new_rc=3 len=1
xf_arr_release a=0x603000017710 old_rc=2 new_rc=1 len=3
xf_arr_release a=0x603000017410 old_rc=8 new_rc=7 len=3
[[{name:alice, score:90, dept:eng, _tag:tested, _parallel:true}, {name:bob, score:70, dept:eng, _tag:tested, _parallel:true}], [{name:carol, score:85, dept:hr, _tag:tested, _parallel:true}, {name:dave, score:95, dept:hr, _tag:tested, _parallel:true}], [{name:eve, score:60, dept:eng, _tag:tested, _parallel:true}]]
xf_arr_release a=0x603000017710 old_rc=2 new_rc=1 len=3
xf_arr_release a=0x603000015af0 old_rc=3 new_rc=2 len=0
xf_arr_release a=0x603000015af0 old_rc=3 new_rc=2 len=0
xf_arr_release a=0x603000017800 old_rc=2 new_rc=1 len=2
xf_arr_release a=0x603000017350 old_rc=8 new_rc=7 len=2
xf_arr_release a=0x603000017350 old_rc=7 new_rc=6 len=2
xf_arr_release a=0x603000015af0 old_rc=2 new_rc=1 len=0
xf_arr_release a=0x603000017350 old_rc=6 new_rc=5 len=2
xf_arr_release a=0x603000015af0 old_rc=3 new_rc=2 len=0
xf_arr_release a=0x603000015af0 old_rc=3 new_rc=2 len=0
xf_arr_release a=0x603000017860 old_rc=2 new_rc=1 len=2
xf_arr_release a=0x603000017380 old_rc=8 new_rc=7 len=2
xf_arr_release a=0x603000017380 old_rc=7 new_rc=6 len=2
xf_arr_release a=0x603000015af0 old_rc=2 new_rc=1 len=0
xf_arr_release a=0x603000017380 old_rc=6 new_rc=5 len=2
xf_arr_release a=0x603000015af0 old_rc=3 new_rc=2 len=0
xf_arr_release a=0x6030000178c0 old_rc=2 new_rc=1 len=1
xf_arr_release a=0x6030000173b0 old_rc=8 new_rc=7 len=1
xf_arr_release a=0x6030000173b0 old_rc=7 new_rc=6 len=1
xf_arr_release a=0x603000015af0 old_rc=2 new_rc=1 len=0
xf_arr_release a=0x6030000173b0 old_rc=6 new_rc=5 len=1
xf_arr_release a=0x603000017350 old_rc=5 new_rc=4 len=2
xf_arr_release a=0x603000017380 old_rc=5 new_rc=4 len=2
xf_arr_release a=0x6030000173b0 old_rc=5 new_rc=4 len=1
xf_arr_release a=0x6030000178f0 old_rc=2 new_rc=1 len=3
xf_arr_release a=0x603000017410 old_rc=8 new_rc=7 len=3
xf_arr_release a=0x603000017920 old_rc=2 new_rc=1 len=5
xf_arr_release a=0x6030000178f0 old_rc=4 new_rc=3 len=3
xf_arr_release a=0x6030000178f0 old_rc=3 new_rc=2 len=3
[{name:alice, score:90, dept:eng, _tag:tested, _parallel:true}, {name:bob, score:70, dept:eng, _tag:tested, _parallel:true}, {name:carol, score:85, dept:hr, _tag:tested, _parallel:true}, {name:dave, score:95, dept:hr, _tag:tested, _parallel:true}, {name:eve, score:60, dept:eng, _tag:tested, _parallel:true}]
xf_arr_release a=0x603000017920 old_rc=4 new_rc=3 len=5
xf_arr_release a=0x603000017920 old_rc=3 new_rc=2 len=5
xf_arr_release a=0x603000015af0 old_rc=2 new_rc=1 len=0
xf_arr_release a=0x603000017920 old_rc=4 new_rc=3 len=5
xf_arr_release a=0x603000015af0 old_rc=2 new_rc=1 len=0
xf_arr_release a=0x603000015af0 old_rc=2 new_rc=1 len=0
xf_arr_release a=0x603000015af0 old_rc=2 new_rc=1 len=0
xf_arr_release a=0x603000017950 old_rc=2 new_rc=1 len=5
xf_arr_release a=0x603000017950 old_rc=3 new_rc=2 len=4
xf_arr_release a=0x603000017950 old_rc=2 new_rc=1 len=4
xf_arr_release a=0x603000015af0 old_rc=2 new_rc=1 len=0
xf_arr_release a=0x603000017950 old_rc=3 new_rc=2 len=4
xf_arr_release a=0x603000015af0 old_rc=2 new_rc=1 len=0
xf_arr_release a=0x603000015af0 old_rc=2 new_rc=1 len=0
xf_arr_release a=0x603000015af0 old_rc=2 new_rc=1 len=0
xf_arr_release a=0x603000017980 old_rc=2 new_rc=1 len=5
xf_arr_release a=0x603000015af0 old_rc=2 new_rc=1 len=0
xf_arr_release a=0x603000017980 old_rc=3 new_rc=2 len=5
xf_arr_release a=0x603000015af0 old_rc=2 new_rc=1 len=0
xf_arr_release a=0x603000015af0 old_rc=2 new_rc=1 len=0
xf_arr_release a=0x603000015af0 old_rc=2 new_rc=1 len=0
xf_arr_release a=0x603000017a10 old_rc=2 new_rc=1 len=4
xf_arr_release a=0x603000017a70 old_rc=2 new_rc=1 len=0
xf_arr_release a=0x603000015af0 old_rc=3 new_rc=2 len=0
xf_arr_release a=0x603000017a70 old_rc=5 new_rc=4 len=1
xf_arr_release a=0x603000015af0 old_rc=3 new_rc=2 len=0
xf_arr_release a=0x603000017a70 old_rc=7 new_rc=6 len=2
xf_arr_release a=0x603000015af0 old_rc=3 new_rc=2 len=0
xf_arr_release a=0x603000017a70 old_rc=9 new_rc=8 len=3
xf_arr_release a=0x603000015af0 old_rc=3 new_rc=2 len=0
xf_arr_release a=0x603000017a70 old_rc=11 new_rc=10 len=4
xf_arr_release a=0x603000017a10 old_rc=4 new_rc=3 len=4
xf_arr_release a=0x603000017a70 old_rc=10 new_rc=9 len=4
xf_arr_release a=0x603000015af0 old_rc=2 new_rc=1 len=0
xf_arr_release a=0x603000017a70 old_rc=12 new_rc=11 len=4
xf_arr_release a=0x603000017a10 old_rc=3 new_rc=2 len=4
xf_arr_release a=0x603000017a10 old_rc=2 new_rc=1 len=4
xf_arr_release a=0x603000017a70 old_rc=13 new_rc=12 len=4
xf_arr_release a=0x603000015af0 old_rc=2 new_rc=1 len=0
xf_arr_release a=0x603000017a70 old_rc=12 new_rc=11 len=4
xf_arr_release a=0x603000017a70 old_rc=12 new_rc=11 len=4
xf_arr_release a=0x603000015af0 old_rc=2 new_rc=1 len=0
xf_arr_release a=0x603000015af0 old_rc=2 new_rc=1 len=0
xf_arr_release a=0x603000015af0 old_rc=2 new_rc=1 len=0
xf_arr_release a=0x603000015af0 old_rc=2 new_rc=1 len=0
xf_arr_release a=0x603000015af0 old_rc=2 new_rc=1 len=0
xf_arr_release a=0x603000015af0 old_rc=2 new_rc=1 len=0
xf_arr_release a=0x603000015af0 old_rc=2 new_rc=1 len=0
xf_arr_release a=0x603000015af0 old_rc=2 new_rc=1 len=0
xf_arr_release a=0x603000015af0 old_rc=2 new_rc=1 len=0
xf_arr_release a=0x603000015af0 old_rc=2 new_rc=1 len=0
xf_arr_release a=0x603000015af0 old_rc=2 new_rc=1 len=0
xf_arr_release a=0x603000015af0 old_rc=2 new_rc=1 len=0
xf_arr_release a=0x603000015af0 old_rc=2 new_rc=1 len=0
xf_arr_release a=0x603000015af0 old_rc=2 new_rc=1 len=0
xf_arr_release a=0x603000015af0 old_rc=2 new_rc=1 len=0
xf_arr_release a=0x603000015af0 old_rc=2 new_rc=1 len=0

══════════════════════════════════════
  PASS: 0
  FAIL: 0
══════════════════════════════════════
RESULT: ALL PASSED
xf_arr_release a=0x603000015af0 old_rc=1 new_rc=0 len=0
FREE ARRAY a=0x603000015af0 len=0
xf_arr_release a=0x603000017a70 old_rc=11 new_rc=10 len=4
xf_arr_release a=0x603000017a10 old_rc=1 new_rc=0 len=4
FREE ARRAY a=0x603000017a10 len=4
  arr=0x603000017a10 releasing item[0]
  arr=0x603000017a10 releasing item[1]
  arr=0x603000017a10 releasing item[2]
  arr=0x603000017a10 releasing item[3]
xf_arr_release a=0x603000017980 old_rc=4 new_rc=3 len=5
xf_arr_release a=0x603000017950 old_rc=2 new_rc=1 len=4
xf_arr_release a=0x6030000178f0 old_rc=2 new_rc=1 len=3
xf_arr_release a=0x603000017920 old_rc=3 new_rc=2 len=5
xf_arr_release a=0x603000017410 old_rc=7 new_rc=6 len=3
xf_arr_release a=0x603000017320 old_rc=3 new_rc=2 len=3
xf_arr_release a=0x6030000172f0 old_rc=3 new_rc=2 len=5
xf_arr_release a=0x6030000172c0 old_rc=3 new_rc=2 len=5
xf_arr_release a=0x603000017020 old_rc=3 new_rc=2 len=3
xf_arr_release a=0x603000016ba0 old_rc=2 new_rc=1 len=5
xf_arr_release a=0x6030000166f0 old_rc=2 new_rc=1 len=5
xf_arr_release a=0x6030000165d0 old_rc=3 new_rc=2 len=5
xf_arr_release a=0x6030000165a0 old_rc=1 new_rc=0 len=5
FREE ARRAY a=0x6030000165a0 len=5
  arr=0x6030000165a0 releasing item[0]
  arr=0x6030000165a0 releasing item[1]
  arr=0x6030000165a0 releasing item[2]
  arr=0x6030000165a0 releasing item[3]
  arr=0x6030000165a0 releasing item[4]
xf_arr_release a=0x603000016570 old_rc=3 new_rc=2 len=3
xf_arr_release a=0x603000015f10 old_rc=1 new_rc=0 len=3
FREE ARRAY a=0x603000015f10 len=3
  arr=0x603000015f10 releasing item[0]
  arr=0x603000015f10 releasing item[1]
  arr=0x603000015f10 releasing item[2]
xf_arr_release a=0x603000015f40 old_rc=2 new_rc=1 len=5
xf_arr_release a=0x6030000158b0 old_rc=4 new_rc=3 len=3
xf_arr_release a=0x6030000148f0 old_rc=3 new_rc=2 len=3
xf_arr_release a=0x6030000146e0 old_rc=3 new_rc=2 len=2
xf_arr_release a=0x6030000146b0 old_rc=2 new_rc=1 len=0
xf_arr_release a=0x603000014620 old_rc=1 new_rc=0 len=2
FREE ARRAY a=0x603000014620 len=2
  arr=0x603000014620 releasing item[0]
xf_arr_release a=0x603000014650 old_rc=1 new_rc=0 len=2
FREE ARRAY a=0x603000014650 len=2
  arr=0x603000014650 releasing item[0]
  arr=0x603000014650 releasing item[1]
  arr=0x603000014620 releasing item[1]
xf_arr_release a=0x603000014680 old_rc=1 new_rc=0 len=2
FREE ARRAY a=0x603000014680 len=2
  arr=0x603000014680 releasing item[0]
  arr=0x603000014680 releasing item[1]
xf_arr_release a=0x6030000145f0 old_rc=8 new_rc=7 len=3
xf_arr_release a=0x603000014380 old_rc=1 new_rc=0 len=4
FREE ARRAY a=0x603000014380 len=4
  arr=0x603000014380 releasing item[0]
  arr=0x603000014380 releasing item[1]
  arr=0x603000014380 releasing item[2]
  arr=0x603000014380 releasing item[3]
